<?xml version="1.0" encoding="UTF-8"?>
<testsuite xmlns:xsi="http://www.w3.org/2001/XMLSchema-instance" xsi:noNamespaceSchemaLocation="https://maven.apache.org/surefire/maven-surefire-plugin/xsd/surefire-test-report.xsd" name="xyz.iamray.link.http.HttpClientToolTest" time="0.353" tests="4" errors="0" skipped="0" failures="0">
  <properties>
[...]
</properties>
  <testcase name="defultGet" classname="xyz.iamray.link.http.HttpClientToolTest" time="0"/>
  <testcase name="defaultPost" classname="xyz.iamray.link.http.HttpClientToolTest" time="0"/>
  <testcase name="get" classname="xyz.iamray.link.http.HttpClientToolTest" time="0.349"/>
  <testcase name="post" classname="xyz.iamray.link.http.HttpClientToolTest" time="0.003"/>
</testsuite>